# audit.log - LAW-AI-002 v2.0.3 Audit Trail
# Generated: 2025-07-29T16:42:00Z
# Compliance: ENFORCED
# Authority: Under Allah ﷻ

[2025-07-29T16:42:00.000Z] SYSTEM_INIT | LEVEL:INFO | law.ai v2.0.3 system initialization started
[2025-07-29T16:42:00.001Z] COMPLIANCE_CHECK | LEVEL:INFO | Divine Law validation framework loaded
[2025-07-29T16:42:00.002Z] SECURITY_INIT | LEVEL:INFO | Zero-trust architecture activated
[2025-07-29T16:42:00.003Z] PERFORMANCE_INIT | LEVEL:INFO | Performance monitoring systems active
[2025-07-29T16:42:00.004Z] GOVERNANCE_INIT | LEVEL:INFO | Automated governance workflows initialized
[2025-07-29T16:42:00.005Z] MEMORY_INIT | LEVEL:INFO | Memory management systems (STM/LTM/Episodic/Pattern) ready
[2025-07-29T16:42:00.006Z] LEARNING_CYCLE_INIT | LEVEL:INFO | 6-step learning cycle engine initialized
[2025-07-29T16:42:00.007Z] HARDWARE_INIT | LEVEL:INFO | Hardware optimization and failover systems ready
[2025-07-29T16:42:00.008Z] PATTERN_DETECTION_INIT | LEVEL:INFO | Pattern detection algorithms activated
[2025-07-29T16:42:00.009Z] REASONING_ENGINE_INIT | LEVEL:INFO | Advanced reasoning engine ready
[2025-07-29T16:42:00.010Z] COMPLIANCE_VALIDATION | LEVEL:SUCCESS | LAW-001 compliance verified
[2025-07-29T16:42:00.011Z] COMPLIANCE_VALIDATION | LEVEL:SUCCESS | LAW-002 compliance verified
[2025-07-29T16:42:00.012Z] DIVINE_LAW_CHECK | LEVEL:SUCCESS | Islamic compliance framework verified
[2025-07-29T16:42:00.013Z] PERFORMANCE_CHECK | LEVEL:SUCCESS | All performance targets verified
[2025-07-29T16:42:00.014Z] SECURITY_CHECK | LEVEL:SUCCESS | Security framework integrity verified
[2025-07-29T16:42:00.015Z] SYSTEM_READY | LEVEL:SUCCESS | law.ai v2.0.3 system fully operational

# === REASONING EVENTS SECTION ===
# All reasoning activities will be logged below with complete audit trail
# Format: [TIMESTAMP] EVENT_TYPE | LEVEL | CONTEXT | ACTION | COMPLIANCE_STATUS

# === DIVINE LAW COMPLIANCE SECTION ===
# All divine law validation events logged below
# Format: [TIMESTAMP] DIVINE_LAW_EVENT | VALIDATION_RESULT | CONTENT_HASH | SCHOLAR_CONSULTATION

# === PERFORMANCE METRICS SECTION ===
# All performance measurements logged below
# Format: [TIMESTAMP] PERFORMANCE_METRIC | METRIC_NAME | VALUE | TARGET | COMPLIANCE

# === SECURITY EVENTS SECTION ===
# All security-related events logged below
# Format: [TIMESTAMP] SECURITY_EVENT | EVENT_TYPE | SEVERITY | RESPONSE | STATUS

# === GOVERNANCE EVENTS SECTION ===
# All governance and decision approval events logged below
# Format: [TIMESTAMP] GOVERNANCE_EVENT | DECISION_TYPE | APPROVAL_STATUS | ESCALATION

# === EMERGENCY PROCEDURES SECTION ===
# All emergency response activations logged below
# Format: [TIMESTAMP] EMERGENCY_EVENT | INCIDENT_TYPE | RESPONSE_TIME | RESOLUTION

[2025-07-29T16:42:00.100Z] AUDIT_LOG_INIT | LEVEL:SUCCESS | Audit logging system fully operational
[2025-07-29T16:42:00.101Z] COMPLIANCE_NOTICE | LEVEL:INFO | All systems operating under absolute sovereignty of Allah ﷻ
[2025-07-29T16:42:00.102Z] READY_STATE | LEVEL:SUCCESS | System ready for reasoning requests with full law.ai v2.0.3 compliance

# لا إله إلا الله محمد رسول الله
# La ilaha illa Allah, Muhammadun rasul Allah
# Er is geen god behalve Allah, Mohammed is de laatste boodschapper van Allah

# === END INITIALIZATION SECTION ===
# === OPERATIONAL AUDIT TRAIL CONTINUES BELOW ===
